生成启动时间为 2016/11/29 17:46:16。
     1>项目“D:\Project\solar system\gluttask.vcxproj”在节点 2 上(build 个目标)。
     1>InitializeBuildStatus:
         正在对“.\Debug\gluttask.unsuccessfulbuild”执行 Touch 任务。
       ClCompile:
         所有输出均为最新。
       ManifestResourceCompile:
         所有输出均为最新。
       Link:
         D:\program\VS2010\VC\bin\link.exe /ERRORREPORT:PROMPT /OUT:".\Debug/gluttask.exe" /INCREMENTAL /NOLOGO kernel32.lib user32.lib gdi32.lib winspool.lib comdlg32.lib advapi32.lib shell32.lib ole32.lib oleaut32.lib uuid.lib odbc32.lib odbccp32.lib /MANIFEST /ManifestFile:".\Debug\gluttask.exe.intermediate.manifest" /MANIFESTUAC:"level='asInvoker' uiAccess='false'" /DEBUG /PDB:".\Debug/gluttask.pdb" /SUBSYSTEM:CONSOLE /TLBID:1 /DYNAMICBASE /NXCOMPAT /IMPLIB:".\Debug\gluttask.lib" /MACHINE:X86 .\Debug\gluttask.exe.embed.manifest.res
         .\Debug/background.obj
         .\Debug/camera.obj
         .\Debug/main.obj
         .\Debug/planet.obj
       Manifest:
         C:\Program Files (x86)\Microsoft SDKs\Windows\v7.0A\bin\mt.exe /nologo /verbose /out:".\Debug\gluttask.exe.embed.manifest" /manifest .\Debug\gluttask.exe.intermediate.manifest
         所有输出均为最新。
       LinkEmbedManifest:
         所有输出均为最新。
         gluttask.vcxproj -> D:\Project\solar system\.\Debug\gluttask.exe
       FinalizeBuildStatus:
         正在删除文件“.\Debug\gluttask.unsuccessfulbuild”。
         正在对“.\Debug\gluttask.lastbuildstate”执行 Touch 任务。
     1>已完成生成项目“D:\Project\solar system\gluttask.vcxproj”(build 个目标)的操作。

生成成功。

已用时间 00:00:00.59
